<?xml version="1.0" encoding="UTF-8"?>
<!-- Generated by org.testng.reporters.JUnitReportReporter -->
<testsuite hostname="DESKTOP-4S95062" failures="0" tests="1" name="DemoProject.TestCases.Tc_LoginTest_001" time="56.300" errors="0" timestamp="13 Dec 2021 08:53:27 GMT" skipped="0">
  <testcase classname="DemoProject.TestCases.Tc_LoginTest_001" name="LoginTest" time="56.300"/>
</testsuite> <!-- DemoProject.TestCases.Tc_LoginTest_001 -->
